<?xml version="1.0" encoding="UTF-8"?>
<!-- Generated by org.testng.reporters.JUnitXMLReporter -->
<testsuite hostname="vaibs-pc" ignored="0" name="MyTest" tests="2" failures="1" timestamp="2021-10-15T12:01:37 IST" time="4.147" errors="0">
  <testcase name="test1" time="0.012" classname="easeMyTrip.MultiCityPage">
    <failure type="java.lang.NullPointerException">
      <![CDATA[java.lang.NullPointerException
at easeMyTrip.MultiCityPage.test1(MultiCityPage.java:13)
at java.util.ArrayList.forEach(ArrayList.java:1259)
... Removed 27 stack frames]]>
    </failure>
  </testcase> <!-- test1 -->
  <testcase name="setup" time="3.985" classname="easeMyTrip.WindowHandling"/>
</testsuite> <!-- MyTest -->
