<?xml version="1.0" encoding="UTF-8"?>
<!-- Generated by org.testng.reporters.JUnitXMLReporter -->
<testsuite hostname="vaibs-pc" ignored="0" name="Test" tests="27" failures="0" timestamp="2021-10-19T18:15:20 IST" time="264.565" errors="0">
  <testcase name="validateLoginpageTitleTest" time="0.097" classname="com.emt.testcases.LoginPageTest"/>
  <testcase name="validateEMTLogoTest" time="0.103" classname="com.emt.testcases.LoginPageTest"/>
  <testcase name="loginPageTest" time="1.892" classname="com.emt.testcases.LoginPageTest"/>
  <testcase name="invalidlogintest" time="0.778" classname="com.emt.testcases.LoginPageTest"/>
  <testcase name="registrationValidCredentialsTest" time="21.278" classname="com.emt.testcases.RegistrationPageTest"/>
  <testcase name="registrationInvalidCredentialsTest" time="0.717" classname="com.emt.testcases.RegistrationPageTest"/>
  <testcase name="DateFieldClickTest" time="0.168" classname="com.emt.testcases.RoundTripTest"/>
  <testcase name="FromCountryOrCityTest" time="0.447" classname="com.emt.testcases.RoundTripTest"/>
  <testcase name="FromoriginLeftBlankTest" time="0.402" classname="com.emt.testcases.RoundTripTest"/>
  <testcase name="SelectDateTest" time="0.263" classname="com.emt.testcases.RoundTripTest"/>
  <testcase name="SelectNextTwoMonthDateTest" time="0.416" classname="com.emt.testcases.RoundTripTest"/>
  <testcase name="ToCountryOrCityTest" time="0.481" classname="com.emt.testcases.RoundTripTest"/>
  <testcase name="ToDropdownAlphaNumericTest" time="0.354" classname="com.emt.testcases.RoundTripTest"/>
  <testcase name="ToDropdownCharacterAcceptanceTest" time="0.376" classname="com.emt.testcases.RoundTripTest"/>
  <testcase name="ToDropdownDisplayTest" time="0.27" classname="com.emt.testcases.RoundTripTest"/>
  <testcase name="ToDropdownNumberAcceptanceTest" time="0.39" classname="com.emt.testcases.RoundTripTest"/>
  <testcase name="ToOriginLeftBlankTest" time="0.299" classname="com.emt.testcases.RoundTripTest"/>
  <testcase name="TravellersDropdownAdultAddDelTest" time="0.468" classname="com.emt.testcases.RoundTripTest"/>
  <testcase name="TravellersDropdownChildAddDelTest" time="0.391" classname="com.emt.testcases.RoundTripTest"/>
  <testcase name="TravellersDropdownInfantAddDelTest" time="0.356" classname="com.emt.testcases.RoundTripTest"/>
  <testcase name="TravellersDropdownMenuDisplayTest" time="0.079" classname="com.emt.testcases.RoundTripTest"/>
  <testcase name="TravellersDropdownTest" time="0.126" classname="com.emt.testcases.RoundTripTest"/>
  <testcase name="flightPageTest" time="86.933" classname="com.emt.testcases.RoundTripTest"/>
  <testcase name="fromDropdownAlphaNumericTest" time="0.484" classname="com.emt.testcases.RoundTripTest"/>
  <testcase name="fromDropdownCharacterAcceptanceTest" time="0.389" classname="com.emt.testcases.RoundTripTest"/>
  <testcase name="fromDropdownDisplayTest" time="0.272" classname="com.emt.testcases.RoundTripTest"/>
  <testcase name="fromDropdownNumberAcceptanceTest" time="0.427" classname="com.emt.testcases.RoundTripTest"/>
</testsuite> <!-- Test -->
