<?xml version="1.0" encoding="UTF-8"?>
<!-- Generated by org.testng.reporters.JUnitXMLReporter -->
<testsuite hostname="vaibs-pc" ignored="0" name="Default test" tests="2" failures="0" timestamp="2021-10-19T18:05:33 IST" time="33.589" errors="0">
  <testcase name="registrationValidCredentialsTest" time="21.122" classname="com.emt.testcases.RegistrationPageTest"/>
  <testcase name="registrationInvalidCredentialsTest" time="0.585" classname="com.emt.testcases.RegistrationPageTest"/>
</testsuite> <!-- Default test -->
