<?xml version="1.0" encoding="UTF-8"?>
<testng-results skipped="0" failed="0" ignored="0" total="1" passed="1">
  <reporter-output>
  </reporter-output>
  <suite name="Default suite" duration-ms="18089" started-at="2021-10-18T16:17:52 IST" finished-at="2021-10-18T16:18:10 IST">
    <groups>
    </groups>
    <test name="Default test" duration-ms="18089" started-at="2021-10-18T16:17:52 IST" finished-at="2021-10-18T16:18:10 IST">
      <class name="com.emt.testcases.RegistrationPageTest">
        <test-method status="PASS" signature="setup()[pri:0, instance:com.emt.testcases.RegistrationPageTest@436e852b]" name="setup" is-config="true" duration-ms="6051" started-at="2021-10-18T16:17:52 IST" finished-at="2021-10-18T16:17:58 IST">
          <reporter-output>
          </reporter-output>
        </test-method> <!-- setup -->
        <test-method status="PASS" signature="registrationPageTest()[pri:2, instance:com.emt.testcases.RegistrationPageTest@436e852b]" name="registrationPageTest" duration-ms="11078" started-at="2021-10-18T16:17:58 IST" finished-at="2021-10-18T16:18:09 IST">
          <reporter-output>
          </reporter-output>
        </test-method> <!-- registrationPageTest -->
        <test-method status="PASS" signature="tearDown()[pri:0, instance:com.emt.testcases.RegistrationPageTest@436e852b]" name="tearDown" is-config="true" duration-ms="845" started-at="2021-10-18T16:18:09 IST" finished-at="2021-10-18T16:18:10 IST">
          <reporter-output>
          </reporter-output>
        </test-method> <!-- tearDown -->
      </class> <!-- com.emt.testcases.RegistrationPageTest -->
    </test> <!-- Default test -->
  </suite> <!-- Default suite -->
</testng-results>
