<?xml version="1.0" encoding="UTF-8"?>
<testng-results skipped="0" failed="0" ignored="0" total="27" passed="27">
  <reporter-output>
  </reporter-output>
  <suite name="Suite" duration-ms="264565" started-at="2021-10-19T18:10:56 IST" finished-at="2021-10-19T18:15:20 IST">
    <groups>
    </groups>
    <test name="Test" duration-ms="264565" started-at="2021-10-19T18:10:56 IST" finished-at="2021-10-19T18:15:20 IST">
      <class name="com.emt.testcases.LoginPageTest">
        <test-method status="PASS" signature="setup()[pri:0, instance:com.emt.testcases.LoginPageTest@3e57cd70]" name="setup" is-config="true" duration-ms="5595" started-at="2021-10-19T18:10:56 IST" finished-at="2021-10-19T18:11:01 IST">
          <reporter-output>
          </reporter-output>
        </test-method> <!-- setup -->
        <test-method status="PASS" signature="validateLoginpageTitleTest()[pri:1, instance:com.emt.testcases.LoginPageTest@3e57cd70]" name="validateLoginpageTitleTest" duration-ms="97" started-at="2021-10-19T18:11:01 IST" finished-at="2021-10-19T18:11:01 IST">
          <reporter-output>
          </reporter-output>
        </test-method> <!-- validateLoginpageTitleTest -->
        <test-method status="PASS" signature="tearDown()[pri:0, instance:com.emt.testcases.LoginPageTest@3e57cd70]" name="tearDown" is-config="true" duration-ms="829" started-at="2021-10-19T18:11:01 IST" finished-at="2021-10-19T18:11:02 IST">
          <reporter-output>
          </reporter-output>
        </test-method> <!-- tearDown -->
        <test-method status="PASS" signature="setup()[pri:0, instance:com.emt.testcases.LoginPageTest@3e57cd70]" name="setup" is-config="true" duration-ms="4082" started-at="2021-10-19T18:11:02 IST" finished-at="2021-10-19T18:11:06 IST">
          <reporter-output>
          </reporter-output>
        </test-method> <!-- setup -->
        <test-method status="PASS" signature="validateEMTLogoTest()[pri:2, instance:com.emt.testcases.LoginPageTest@3e57cd70]" name="validateEMTLogoTest" duration-ms="103" started-at="2021-10-19T18:11:06 IST" finished-at="2021-10-19T18:11:06 IST">
          <reporter-output>
          </reporter-output>
        </test-method> <!-- validateEMTLogoTest -->
        <test-method status="PASS" signature="tearDown()[pri:0, instance:com.emt.testcases.LoginPageTest@3e57cd70]" name="tearDown" is-config="true" duration-ms="855" started-at="2021-10-19T18:11:06 IST" finished-at="2021-10-19T18:11:07 IST">
          <reporter-output>
          </reporter-output>
        </test-method> <!-- tearDown -->
        <test-method status="PASS" signature="setup()[pri:0, instance:com.emt.testcases.LoginPageTest@3e57cd70]" name="setup" is-config="true" duration-ms="4182" started-at="2021-10-19T18:11:07 IST" finished-at="2021-10-19T18:11:12 IST">
          <reporter-output>
          </reporter-output>
        </test-method> <!-- setup -->
        <test-method status="PASS" signature="loginPageTest()[pri:3, instance:com.emt.testcases.LoginPageTest@3e57cd70]" name="loginPageTest" duration-ms="1892" started-at="2021-10-19T18:11:12 IST" finished-at="2021-10-19T18:11:13 IST">
          <reporter-output>
          </reporter-output>
        </test-method> <!-- loginPageTest -->
        <test-method status="PASS" signature="tearDown()[pri:0, instance:com.emt.testcases.LoginPageTest@3e57cd70]" name="tearDown" is-config="true" duration-ms="848" started-at="2021-10-19T18:11:13 IST" finished-at="2021-10-19T18:11:14 IST">
          <reporter-output>
          </reporter-output>
        </test-method> <!-- tearDown -->
        <test-method status="PASS" signature="setup()[pri:0, instance:com.emt.testcases.LoginPageTest@3e57cd70]" name="setup" is-config="true" duration-ms="4246" started-at="2021-10-19T18:11:14 IST" finished-at="2021-10-19T18:11:18 IST">
          <reporter-output>
          </reporter-output>
        </test-method> <!-- setup -->
        <test-method status="PASS" signature="invalidlogintest()[pri:4, instance:com.emt.testcases.LoginPageTest@3e57cd70]" name="invalidlogintest" duration-ms="778" started-at="2021-10-19T18:11:18 IST" finished-at="2021-10-19T18:11:19 IST">
          <reporter-output>
          </reporter-output>
        </test-method> <!-- invalidlogintest -->
        <test-method status="PASS" signature="tearDown()[pri:0, instance:com.emt.testcases.LoginPageTest@3e57cd70]" name="tearDown" is-config="true" duration-ms="745" started-at="2021-10-19T18:11:19 IST" finished-at="2021-10-19T18:11:20 IST">
          <reporter-output>
          </reporter-output>
        </test-method> <!-- tearDown -->
      </class> <!-- com.emt.testcases.LoginPageTest -->
      <class name="com.emt.testcases.RegistrationPageTest">
        <test-method status="PASS" signature="setup()[pri:0, instance:com.emt.testcases.RegistrationPageTest@6121c9d6]" name="setup" is-config="true" duration-ms="4463" started-at="2021-10-19T18:11:20 IST" finished-at="2021-10-19T18:11:24 IST">
          <reporter-output>
          </reporter-output>
        </test-method> <!-- setup -->
        <test-method status="PASS" signature="registrationValidCredentialsTest()[pri:1, instance:com.emt.testcases.RegistrationPageTest@6121c9d6]" name="registrationValidCredentialsTest" duration-ms="21278" started-at="2021-10-19T18:11:24 IST" finished-at="2021-10-19T18:11:46 IST">
          <reporter-output>
          </reporter-output>
        </test-method> <!-- registrationValidCredentialsTest -->
        <test-method status="PASS" signature="tearDown()[pri:0, instance:com.emt.testcases.RegistrationPageTest@6121c9d6]" name="tearDown" is-config="true" duration-ms="730" started-at="2021-10-19T18:11:46 IST" finished-at="2021-10-19T18:11:46 IST">
          <reporter-output>
          </reporter-output>
        </test-method> <!-- tearDown -->
        <test-method status="PASS" signature="setup()[pri:0, instance:com.emt.testcases.RegistrationPageTest@6121c9d6]" name="setup" is-config="true" duration-ms="4401" started-at="2021-10-19T18:11:46 IST" finished-at="2021-10-19T18:11:51 IST">
          <reporter-output>
          </reporter-output>
        </test-method> <!-- setup -->
        <test-method status="PASS" signature="registrationInvalidCredentialsTest()[pri:2, instance:com.emt.testcases.RegistrationPageTest@6121c9d6]" name="registrationInvalidCredentialsTest" duration-ms="717" started-at="2021-10-19T18:11:51 IST" finished-at="2021-10-19T18:11:52 IST">
          <reporter-output>
          </reporter-output>
        </test-method> <!-- registrationInvalidCredentialsTest -->
        <test-method status="PASS" signature="tearDown()[pri:0, instance:com.emt.testcases.RegistrationPageTest@6121c9d6]" name="tearDown" is-config="true" duration-ms="743" started-at="2021-10-19T18:11:52 IST" finished-at="2021-10-19T18:11:52 IST">
          <reporter-output>
          </reporter-output>
        </test-method> <!-- tearDown -->
      </class> <!-- com.emt.testcases.RegistrationPageTest -->
      <class name="com.emt.testcases.RoundTripTest">
        <test-method status="PASS" signature="setup()[pri:0, instance:com.emt.testcases.RoundTripTest@4eb7f003]" name="setup" is-config="true" duration-ms="4322" started-at="2021-10-19T18:11:52 IST" finished-at="2021-10-19T18:11:57 IST">
          <reporter-output>
          </reporter-output>
        </test-method> <!-- setup -->
        <test-method status="PASS" signature="DateFieldClickTest()[pri:0, instance:com.emt.testcases.RoundTripTest@4eb7f003]" name="DateFieldClickTest" duration-ms="168" started-at="2021-10-19T18:11:57 IST" finished-at="2021-10-19T18:11:57 IST">
          <reporter-output>
          </reporter-output>
        </test-method> <!-- DateFieldClickTest -->
        <test-method status="PASS" signature="tearDown()[pri:0, instance:com.emt.testcases.RoundTripTest@4eb7f003]" name="tearDown" is-config="true" duration-ms="744" started-at="2021-10-19T18:11:57 IST" finished-at="2021-10-19T18:11:58 IST">
          <reporter-output>
          </reporter-output>
        </test-method> <!-- tearDown -->
        <test-method status="PASS" signature="setup()[pri:0, instance:com.emt.testcases.RoundTripTest@4eb7f003]" name="setup" is-config="true" duration-ms="4535" started-at="2021-10-19T18:11:58 IST" finished-at="2021-10-19T18:12:02 IST">
          <reporter-output>
          </reporter-output>
        </test-method> <!-- setup -->
        <test-method status="PASS" signature="FromCountryOrCityTest()[pri:0, instance:com.emt.testcases.RoundTripTest@4eb7f003]" name="FromCountryOrCityTest" duration-ms="447" started-at="2021-10-19T18:12:02 IST" finished-at="2021-10-19T18:12:03 IST">
          <reporter-output>
          </reporter-output>
        </test-method> <!-- FromCountryOrCityTest -->
        <test-method status="PASS" signature="tearDown()[pri:0, instance:com.emt.testcases.RoundTripTest@4eb7f003]" name="tearDown" is-config="true" duration-ms="789" started-at="2021-10-19T18:12:03 IST" finished-at="2021-10-19T18:12:03 IST">
          <reporter-output>
          </reporter-output>
        </test-method> <!-- tearDown -->
        <test-method status="PASS" signature="setup()[pri:0, instance:com.emt.testcases.RoundTripTest@4eb7f003]" name="setup" is-config="true" duration-ms="4628" started-at="2021-10-19T18:12:03 IST" finished-at="2021-10-19T18:12:08 IST">
          <reporter-output>
          </reporter-output>
        </test-method> <!-- setup -->
        <test-method status="PASS" signature="FromoriginLeftBlankTest()[pri:0, instance:com.emt.testcases.RoundTripTest@4eb7f003]" name="FromoriginLeftBlankTest" duration-ms="402" started-at="2021-10-19T18:12:08 IST" finished-at="2021-10-19T18:12:08 IST">
          <reporter-output>
          </reporter-output>
        </test-method> <!-- FromoriginLeftBlankTest -->
        <test-method status="PASS" signature="tearDown()[pri:0, instance:com.emt.testcases.RoundTripTest@4eb7f003]" name="tearDown" is-config="true" duration-ms="816" started-at="2021-10-19T18:12:08 IST" finished-at="2021-10-19T18:12:09 IST">
          <reporter-output>
          </reporter-output>
        </test-method> <!-- tearDown -->
        <test-method status="PASS" signature="setup()[pri:0, instance:com.emt.testcases.RoundTripTest@4eb7f003]" name="setup" is-config="true" duration-ms="4290" started-at="2021-10-19T18:12:09 IST" finished-at="2021-10-19T18:12:14 IST">
          <reporter-output>
          </reporter-output>
        </test-method> <!-- setup -->
        <test-method status="PASS" signature="SelectDateTest()[pri:0, instance:com.emt.testcases.RoundTripTest@4eb7f003]" name="SelectDateTest" duration-ms="263" started-at="2021-10-19T18:12:14 IST" finished-at="2021-10-19T18:12:14 IST">
          <reporter-output>
          </reporter-output>
        </test-method> <!-- SelectDateTest -->
        <test-method status="PASS" signature="tearDown()[pri:0, instance:com.emt.testcases.RoundTripTest@4eb7f003]" name="tearDown" is-config="true" duration-ms="823" started-at="2021-10-19T18:12:14 IST" finished-at="2021-10-19T18:12:15 IST">
          <reporter-output>
          </reporter-output>
        </test-method> <!-- tearDown -->
        <test-method status="PASS" signature="setup()[pri:0, instance:com.emt.testcases.RoundTripTest@4eb7f003]" name="setup" is-config="true" duration-ms="4426" started-at="2021-10-19T18:12:15 IST" finished-at="2021-10-19T18:12:19 IST">
          <reporter-output>
          </reporter-output>
        </test-method> <!-- setup -->
        <test-method status="PASS" signature="SelectNextTwoMonthDateTest()[pri:0, instance:com.emt.testcases.RoundTripTest@4eb7f003]" name="SelectNextTwoMonthDateTest" duration-ms="416" started-at="2021-10-19T18:12:19 IST" finished-at="2021-10-19T18:12:19 IST">
          <reporter-output>
          </reporter-output>
        </test-method> <!-- SelectNextTwoMonthDateTest -->
        <test-method status="PASS" signature="tearDown()[pri:0, instance:com.emt.testcases.RoundTripTest@4eb7f003]" name="tearDown" is-config="true" duration-ms="793" started-at="2021-10-19T18:12:19 IST" finished-at="2021-10-19T18:12:20 IST">
          <reporter-output>
          </reporter-output>
        </test-method> <!-- tearDown -->
        <test-method status="PASS" signature="setup()[pri:0, instance:com.emt.testcases.RoundTripTest@4eb7f003]" name="setup" is-config="true" duration-ms="4688" started-at="2021-10-19T18:12:20 IST" finished-at="2021-10-19T18:12:25 IST">
          <reporter-output>
          </reporter-output>
        </test-method> <!-- setup -->
        <test-method status="PASS" signature="ToCountryOrCityTest()[pri:0, instance:com.emt.testcases.RoundTripTest@4eb7f003]" name="ToCountryOrCityTest" duration-ms="481" started-at="2021-10-19T18:12:25 IST" finished-at="2021-10-19T18:12:25 IST">
          <reporter-output>
          </reporter-output>
        </test-method> <!-- ToCountryOrCityTest -->
        <test-method status="PASS" signature="tearDown()[pri:0, instance:com.emt.testcases.RoundTripTest@4eb7f003]" name="tearDown" is-config="true" duration-ms="849" started-at="2021-10-19T18:12:25 IST" finished-at="2021-10-19T18:12:26 IST">
          <reporter-output>
          </reporter-output>
        </test-method> <!-- tearDown -->
        <test-method status="PASS" signature="setup()[pri:0, instance:com.emt.testcases.RoundTripTest@4eb7f003]" name="setup" is-config="true" duration-ms="4905" started-at="2021-10-19T18:12:26 IST" finished-at="2021-10-19T18:12:31 IST">
          <reporter-output>
          </reporter-output>
        </test-method> <!-- setup -->
        <test-method status="PASS" signature="ToDropdownAlphaNumericTest()[pri:0, instance:com.emt.testcases.RoundTripTest@4eb7f003]" name="ToDropdownAlphaNumericTest" duration-ms="354" started-at="2021-10-19T18:12:31 IST" finished-at="2021-10-19T18:12:32 IST">
          <reporter-output>
          </reporter-output>
        </test-method> <!-- ToDropdownAlphaNumericTest -->
        <test-method status="PASS" signature="tearDown()[pri:0, instance:com.emt.testcases.RoundTripTest@4eb7f003]" name="tearDown" is-config="true" duration-ms="823" started-at="2021-10-19T18:12:32 IST" finished-at="2021-10-19T18:12:32 IST">
          <reporter-output>
          </reporter-output>
        </test-method> <!-- tearDown -->
        <test-method status="PASS" signature="setup()[pri:0, instance:com.emt.testcases.RoundTripTest@4eb7f003]" name="setup" is-config="true" duration-ms="4481" started-at="2021-10-19T18:12:32 IST" finished-at="2021-10-19T18:12:37 IST">
          <reporter-output>
          </reporter-output>
        </test-method> <!-- setup -->
        <test-method status="PASS" signature="ToDropdownCharacterAcceptanceTest()[pri:0, instance:com.emt.testcases.RoundTripTest@4eb7f003]" name="ToDropdownCharacterAcceptanceTest" duration-ms="376" started-at="2021-10-19T18:12:37 IST" finished-at="2021-10-19T18:12:37 IST">
          <reporter-output>
          </reporter-output>
        </test-method> <!-- ToDropdownCharacterAcceptanceTest -->
        <test-method status="PASS" signature="tearDown()[pri:0, instance:com.emt.testcases.RoundTripTest@4eb7f003]" name="tearDown" is-config="true" duration-ms="808" started-at="2021-10-19T18:12:37 IST" finished-at="2021-10-19T18:12:38 IST">
          <reporter-output>
          </reporter-output>
        </test-method> <!-- tearDown -->
        <test-method status="PASS" signature="setup()[pri:0, instance:com.emt.testcases.RoundTripTest@4eb7f003]" name="setup" is-config="true" duration-ms="4571" started-at="2021-10-19T18:12:38 IST" finished-at="2021-10-19T18:12:43 IST">
          <reporter-output>
          </reporter-output>
        </test-method> <!-- setup -->
        <test-method status="PASS" signature="ToDropdownDisplayTest()[pri:0, instance:com.emt.testcases.RoundTripTest@4eb7f003]" name="ToDropdownDisplayTest" duration-ms="270" started-at="2021-10-19T18:12:43 IST" finished-at="2021-10-19T18:12:43 IST">
          <reporter-output>
          </reporter-output>
        </test-method> <!-- ToDropdownDisplayTest -->
        <test-method status="PASS" signature="tearDown()[pri:0, instance:com.emt.testcases.RoundTripTest@4eb7f003]" name="tearDown" is-config="true" duration-ms="834" started-at="2021-10-19T18:12:43 IST" finished-at="2021-10-19T18:12:44 IST">
          <reporter-output>
          </reporter-output>
        </test-method> <!-- tearDown -->
        <test-method status="PASS" signature="setup()[pri:0, instance:com.emt.testcases.RoundTripTest@4eb7f003]" name="setup" is-config="true" duration-ms="4584" started-at="2021-10-19T18:12:44 IST" finished-at="2021-10-19T18:12:48 IST">
          <reporter-output>
          </reporter-output>
        </test-method> <!-- setup -->
        <test-method status="PASS" signature="ToDropdownNumberAcceptanceTest()[pri:0, instance:com.emt.testcases.RoundTripTest@4eb7f003]" name="ToDropdownNumberAcceptanceTest" duration-ms="390" started-at="2021-10-19T18:12:48 IST" finished-at="2021-10-19T18:12:49 IST">
          <reporter-output>
          </reporter-output>
        </test-method> <!-- ToDropdownNumberAcceptanceTest -->
        <test-method status="PASS" signature="tearDown()[pri:0, instance:com.emt.testcases.RoundTripTest@4eb7f003]" name="tearDown" is-config="true" duration-ms="764" started-at="2021-10-19T18:12:49 IST" finished-at="2021-10-19T18:12:49 IST">
          <reporter-output>
          </reporter-output>
        </test-method> <!-- tearDown -->
        <test-method status="PASS" signature="setup()[pri:0, instance:com.emt.testcases.RoundTripTest@4eb7f003]" name="setup" is-config="true" duration-ms="4925" started-at="2021-10-19T18:12:49 IST" finished-at="2021-10-19T18:12:54 IST">
          <reporter-output>
          </reporter-output>
        </test-method> <!-- setup -->
        <test-method status="PASS" signature="ToOriginLeftBlankTest()[pri:0, instance:com.emt.testcases.RoundTripTest@4eb7f003]" name="ToOriginLeftBlankTest" duration-ms="299" started-at="2021-10-19T18:12:54 IST" finished-at="2021-10-19T18:12:55 IST">
          <reporter-output>
          </reporter-output>
        </test-method> <!-- ToOriginLeftBlankTest -->
        <test-method status="PASS" signature="tearDown()[pri:0, instance:com.emt.testcases.RoundTripTest@4eb7f003]" name="tearDown" is-config="true" duration-ms="861" started-at="2021-10-19T18:12:55 IST" finished-at="2021-10-19T18:12:56 IST">
          <reporter-output>
          </reporter-output>
        </test-method> <!-- tearDown -->
        <test-method status="PASS" signature="setup()[pri:0, instance:com.emt.testcases.RoundTripTest@4eb7f003]" name="setup" is-config="true" duration-ms="4966" started-at="2021-10-19T18:12:56 IST" finished-at="2021-10-19T18:13:00 IST">
          <reporter-output>
          </reporter-output>
        </test-method> <!-- setup -->
        <test-method status="PASS" signature="TravellersDropdownAdultAddDelTest()[pri:0, instance:com.emt.testcases.RoundTripTest@4eb7f003]" name="TravellersDropdownAdultAddDelTest" duration-ms="468" started-at="2021-10-19T18:13:00 IST" finished-at="2021-10-19T18:13:01 IST">
          <reporter-output>
          </reporter-output>
        </test-method> <!-- TravellersDropdownAdultAddDelTest -->
        <test-method status="PASS" signature="tearDown()[pri:0, instance:com.emt.testcases.RoundTripTest@4eb7f003]" name="tearDown" is-config="true" duration-ms="810" started-at="2021-10-19T18:13:01 IST" finished-at="2021-10-19T18:13:02 IST">
          <reporter-output>
          </reporter-output>
        </test-method> <!-- tearDown -->
        <test-method status="PASS" signature="setup()[pri:0, instance:com.emt.testcases.RoundTripTest@4eb7f003]" name="setup" is-config="true" duration-ms="5045" started-at="2021-10-19T18:13:02 IST" finished-at="2021-10-19T18:13:07 IST">
          <reporter-output>
          </reporter-output>
        </test-method> <!-- setup -->
        <test-method status="PASS" signature="TravellersDropdownChildAddDelTest()[pri:0, instance:com.emt.testcases.RoundTripTest@4eb7f003]" name="TravellersDropdownChildAddDelTest" duration-ms="391" started-at="2021-10-19T18:13:07 IST" finished-at="2021-10-19T18:13:07 IST">
          <reporter-output>
          </reporter-output>
        </test-method> <!-- TravellersDropdownChildAddDelTest -->
        <test-method status="PASS" signature="tearDown()[pri:0, instance:com.emt.testcases.RoundTripTest@4eb7f003]" name="tearDown" is-config="true" duration-ms="798" started-at="2021-10-19T18:13:07 IST" finished-at="2021-10-19T18:13:08 IST">
          <reporter-output>
          </reporter-output>
        </test-method> <!-- tearDown -->
        <test-method status="PASS" signature="setup()[pri:0, instance:com.emt.testcases.RoundTripTest@4eb7f003]" name="setup" is-config="true" duration-ms="5201" started-at="2021-10-19T18:13:08 IST" finished-at="2021-10-19T18:13:13 IST">
          <reporter-output>
          </reporter-output>
        </test-method> <!-- setup -->
        <test-method status="PASS" signature="TravellersDropdownInfantAddDelTest()[pri:0, instance:com.emt.testcases.RoundTripTest@4eb7f003]" name="TravellersDropdownInfantAddDelTest" duration-ms="356" started-at="2021-10-19T18:13:13 IST" finished-at="2021-10-19T18:13:14 IST">
          <reporter-output>
          </reporter-output>
        </test-method> <!-- TravellersDropdownInfantAddDelTest -->
        <test-method status="PASS" signature="tearDown()[pri:0, instance:com.emt.testcases.RoundTripTest@4eb7f003]" name="tearDown" is-config="true" duration-ms="792" started-at="2021-10-19T18:13:14 IST" finished-at="2021-10-19T18:13:14 IST">
          <reporter-output>
          </reporter-output>
        </test-method> <!-- tearDown -->
        <test-method status="PASS" signature="setup()[pri:0, instance:com.emt.testcases.RoundTripTest@4eb7f003]" name="setup" is-config="true" duration-ms="4909" started-at="2021-10-19T18:13:14 IST" finished-at="2021-10-19T18:13:19 IST">
          <reporter-output>
          </reporter-output>
        </test-method> <!-- setup -->
        <test-method status="PASS" signature="TravellersDropdownMenuDisplayTest()[pri:0, instance:com.emt.testcases.RoundTripTest@4eb7f003]" name="TravellersDropdownMenuDisplayTest" duration-ms="79" started-at="2021-10-19T18:13:19 IST" finished-at="2021-10-19T18:13:19 IST">
          <reporter-output>
          </reporter-output>
        </test-method> <!-- TravellersDropdownMenuDisplayTest -->
        <test-method status="PASS" signature="tearDown()[pri:0, instance:com.emt.testcases.RoundTripTest@4eb7f003]" name="tearDown" is-config="true" duration-ms="753" started-at="2021-10-19T18:13:19 IST" finished-at="2021-10-19T18:13:20 IST">
          <reporter-output>
          </reporter-output>
        </test-method> <!-- tearDown -->
        <test-method status="PASS" signature="setup()[pri:0, instance:com.emt.testcases.RoundTripTest@4eb7f003]" name="setup" is-config="true" duration-ms="4542" started-at="2021-10-19T18:13:20 IST" finished-at="2021-10-19T18:13:25 IST">
          <reporter-output>
          </reporter-output>
        </test-method> <!-- setup -->
        <test-method status="PASS" signature="TravellersDropdownTest()[pri:0, instance:com.emt.testcases.RoundTripTest@4eb7f003]" name="TravellersDropdownTest" duration-ms="126" started-at="2021-10-19T18:13:25 IST" finished-at="2021-10-19T18:13:25 IST">
          <reporter-output>
          </reporter-output>
        </test-method> <!-- TravellersDropdownTest -->
        <test-method status="PASS" signature="tearDown()[pri:0, instance:com.emt.testcases.RoundTripTest@4eb7f003]" name="tearDown" is-config="true" duration-ms="832" started-at="2021-10-19T18:13:25 IST" finished-at="2021-10-19T18:13:26 IST">
          <reporter-output>
          </reporter-output>
        </test-method> <!-- tearDown -->
        <test-method status="PASS" signature="setup()[pri:0, instance:com.emt.testcases.RoundTripTest@4eb7f003]" name="setup" is-config="true" duration-ms="4433" started-at="2021-10-19T18:13:26 IST" finished-at="2021-10-19T18:13:30 IST">
          <reporter-output>
          </reporter-output>
        </test-method> <!-- setup -->
        <test-method status="PASS" signature="flightPageTest()[pri:0, instance:com.emt.testcases.RoundTripTest@4eb7f003]" name="flightPageTest" duration-ms="86933" started-at="2021-10-19T18:13:30 IST" finished-at="2021-10-19T18:14:57 IST">
          <reporter-output>
          </reporter-output>
        </test-method> <!-- flightPageTest -->
        <test-method status="PASS" signature="tearDown()[pri:0, instance:com.emt.testcases.RoundTripTest@4eb7f003]" name="tearDown" is-config="true" duration-ms="772" started-at="2021-10-19T18:14:57 IST" finished-at="2021-10-19T18:14:58 IST">
          <reporter-output>
          </reporter-output>
        </test-method> <!-- tearDown -->
        <test-method status="PASS" signature="setup()[pri:0, instance:com.emt.testcases.RoundTripTest@4eb7f003]" name="setup" is-config="true" duration-ms="4377" started-at="2021-10-19T18:14:58 IST" finished-at="2021-10-19T18:15:02 IST">
          <reporter-output>
          </reporter-output>
        </test-method> <!-- setup -->
        <test-method status="PASS" signature="fromDropdownAlphaNumericTest()[pri:0, instance:com.emt.testcases.RoundTripTest@4eb7f003]" name="fromDropdownAlphaNumericTest" duration-ms="484" started-at="2021-10-19T18:15:02 IST" finished-at="2021-10-19T18:15:03 IST">
          <reporter-output>
          </reporter-output>
        </test-method> <!-- fromDropdownAlphaNumericTest -->
        <test-method status="PASS" signature="tearDown()[pri:0, instance:com.emt.testcases.RoundTripTest@4eb7f003]" name="tearDown" is-config="true" duration-ms="774" started-at="2021-10-19T18:15:03 IST" finished-at="2021-10-19T18:15:03 IST">
          <reporter-output>
          </reporter-output>
        </test-method> <!-- tearDown -->
        <test-method status="PASS" signature="setup()[pri:0, instance:com.emt.testcases.RoundTripTest@4eb7f003]" name="setup" is-config="true" duration-ms="4300" started-at="2021-10-19T18:15:03 IST" finished-at="2021-10-19T18:15:08 IST">
          <reporter-output>
          </reporter-output>
        </test-method> <!-- setup -->
        <test-method status="PASS" signature="fromDropdownCharacterAcceptanceTest()[pri:0, instance:com.emt.testcases.RoundTripTest@4eb7f003]" name="fromDropdownCharacterAcceptanceTest" duration-ms="389" started-at="2021-10-19T18:15:08 IST" finished-at="2021-10-19T18:15:08 IST">
          <reporter-output>
          </reporter-output>
        </test-method> <!-- fromDropdownCharacterAcceptanceTest -->
        <test-method status="PASS" signature="tearDown()[pri:0, instance:com.emt.testcases.RoundTripTest@4eb7f003]" name="tearDown" is-config="true" duration-ms="777" started-at="2021-10-19T18:15:08 IST" finished-at="2021-10-19T18:15:09 IST">
          <reporter-output>
          </reporter-output>
        </test-method> <!-- tearDown -->
        <test-method status="PASS" signature="setup()[pri:0, instance:com.emt.testcases.RoundTripTest@4eb7f003]" name="setup" is-config="true" duration-ms="4418" started-at="2021-10-19T18:15:09 IST" finished-at="2021-10-19T18:15:13 IST">
          <reporter-output>
          </reporter-output>
        </test-method> <!-- setup -->
        <test-method status="PASS" signature="fromDropdownDisplayTest()[pri:0, instance:com.emt.testcases.RoundTripTest@4eb7f003]" name="fromDropdownDisplayTest" duration-ms="272" started-at="2021-10-19T18:15:13 IST" finished-at="2021-10-19T18:15:14 IST">
          <reporter-output>
          </reporter-output>
        </test-method> <!-- fromDropdownDisplayTest -->
        <test-method status="PASS" signature="tearDown()[pri:0, instance:com.emt.testcases.RoundTripTest@4eb7f003]" name="tearDown" is-config="true" duration-ms="857" started-at="2021-10-19T18:15:14 IST" finished-at="2021-10-19T18:15:14 IST">
          <reporter-output>
          </reporter-output>
        </test-method> <!-- tearDown -->
        <test-method status="PASS" signature="setup()[pri:0, instance:com.emt.testcases.RoundTripTest@4eb7f003]" name="setup" is-config="true" duration-ms="4652" started-at="2021-10-19T18:15:14 IST" finished-at="2021-10-19T18:15:19 IST">
          <reporter-output>
          </reporter-output>
        </test-method> <!-- setup -->
        <test-method status="PASS" signature="fromDropdownNumberAcceptanceTest()[pri:0, instance:com.emt.testcases.RoundTripTest@4eb7f003]" name="fromDropdownNumberAcceptanceTest" duration-ms="427" started-at="2021-10-19T18:15:19 IST" finished-at="2021-10-19T18:15:19 IST">
          <reporter-output>
          </reporter-output>
        </test-method> <!-- fromDropdownNumberAcceptanceTest -->
        <test-method status="PASS" signature="tearDown()[pri:0, instance:com.emt.testcases.RoundTripTest@4eb7f003]" name="tearDown" is-config="true" duration-ms="809" started-at="2021-10-19T18:15:19 IST" finished-at="2021-10-19T18:15:20 IST">
          <reporter-output>
          </reporter-output>
        </test-method> <!-- tearDown -->
      </class> <!-- com.emt.testcases.RoundTripTest -->
    </test> <!-- Test -->
  </suite> <!-- Suite -->
</testng-results>
